{"C:\\Users\\sskut\\Desktop\\effective-mobile-test\\movie-catalog\\src\\components\\common\\Button\\Button.tsx": {"path":"C:\\Users\\sskut\\Desktop\\effective-mobile-test\\movie-catalog\\src\\components\\common\\Button\\Button.tsx","statementMap":{"0":{"start":{"line":9,"column":17},"end":{"line":14,"column":null}},"1":{"start":{"line":16,"column":14},"end":{"line":20,"column":null}},"2":{"start":{"line":22,"column":45},"end":{"line":43,"column":null}},"3":{"start":{"line":29,"column":2},"end":{"line":41,"column":null}}},"fnMap":{"0":{"name":"(anonymous_0)","decl":{"start":{"line":22,"column":45},"end":{"line":22,"column":46}},"loc":{"start":{"line":28,"column":6},"end":{"line":43,"column":null}},"line":28}},"branchMap":{"0":{"loc":{"start":{"line":24,"column":2},"end":{"line":24,"column":null}},"type":"default-arg","locations":[{"start":{"line":24,"column":12},"end":{"line":24,"column":null}}],"line":24},"1":{"loc":{"start":{"line":25,"column":2},"end":{"line":25,"column":null}},"type":"default-arg","locations":[{"start":{"line":25,"column":9},"end":{"line":25,"column":null}}],"line":25}},"s":{"0":3,"1":3,"2":3,"3":29},"f":{"0":29},"b":{"0":[29],"1":[29]},"meta":{"lastBranch":2,"lastFunction":1,"lastStatement":4,"seen":{"s:9:17:14:Infinity":0,"s:16:14:20:Infinity":1,"s:22:45:43:Infinity":2,"f:22:45:22:46":0,"b:24:12:24:Infinity":0,"b:25:9:25:Infinity":1,"s:29:2:41:Infinity":3}}}
,"C:\\Users\\sskut\\Desktop\\effective-mobile-test\\movie-catalog\\src\\components\\common\\ScrollToTopButton\\ScrollToTopButton.tsx": {"path":"C:\\Users\\sskut\\Desktop\\effective-mobile-test\\movie-catalog\\src\\components\\common\\ScrollToTopButton\\ScrollToTopButton.tsx","statementMap":{"0":{"start":{"line":7,"column":43},"end":{"line":40,"column":null}},"1":{"start":{"line":8,"column":8},"end":{"line":8,"column":null}},"2":{"start":{"line":10,"column":22},"end":{"line":15,"column":null}},"3":{"start":{"line":11,"column":4},"end":{"line":14,"column":null}},"4":{"start":{"line":17,"column":2},"end":{"line":38,"column":null}}},"fnMap":{"0":{"name":"(anonymous_0)","decl":{"start":{"line":7,"column":43},"end":{"line":7,"column":49}},"loc":{"start":{"line":7,"column":49},"end":{"line":40,"column":null}},"line":7},"1":{"name":"(anonymous_1)","decl":{"start":{"line":10,"column":22},"end":{"line":10,"column":28}},"loc":{"start":{"line":10,"column":28},"end":{"line":15,"column":null}},"line":10}},"branchMap":{"0":{"loc":{"start":{"line":19,"column":7},"end":{"line":36,"column":null}},"type":"binary-expr","locations":[{"start":{"line":19,"column":7},"end":{"line":19,"column":null}},{"start":{"line":20,"column":8},"end":{"line":36,"column":null}}],"line":19}},"s":{"0":2,"1":17,"2":17,"3":1,"4":17},"f":{"0":17,"1":1},"b":{"0":[17,2]},"meta":{"lastBranch":1,"lastFunction":2,"lastStatement":5,"seen":{"s:7:43:40:Infinity":0,"f:7:43:7:49":0,"s:8:8:8:Infinity":1,"s:10:22:15:Infinity":2,"f:10:22:10:28":1,"s:11:4:14:Infinity":3,"s:17:2:38:Infinity":4,"b:19:7:19:Infinity:20:8:36:Infinity":0}}}
,"C:\\Users\\sskut\\Desktop\\effective-mobile-test\\movie-catalog\\src\\components\\common\\Skeleton\\Skeleton.tsx": {"path":"C:\\Users\\sskut\\Desktop\\effective-mobile-test\\movie-catalog\\src\\components\\common\\Skeleton\\Skeleton.tsx","statementMap":{"0":{"start":{"line":8,"column":49},"end":{"line":18,"column":null}},"1":{"start":{"line":9,"column":2},"end":{"line":16,"column":null}}},"fnMap":{"0":{"name":"(anonymous_0)","decl":{"start":{"line":8,"column":49},"end":{"line":8,"column":50}},"loc":{"start":{"line":8,"column":68},"end":{"line":18,"column":null}},"line":8}},"branchMap":{},"s":{"0":1,"1":126},"f":{"0":126},"b":{},"meta":{"lastBranch":0,"lastFunction":1,"lastStatement":2,"seen":{"s:8:49:18:Infinity":0,"f:8:49:8:50":0,"s:9:2:16:Infinity":1}}}
,"C:\\Users\\sskut\\Desktop\\effective-mobile-test\\movie-catalog\\src\\components\\common\\ThemeToggle\\ThemeToggle.tsx": {"path":"C:\\Users\\sskut\\Desktop\\effective-mobile-test\\movie-catalog\\src\\components\\common\\ThemeToggle\\ThemeToggle.tsx","statementMap":{"0":{"start":{"line":6,"column":37},"end":{"line":28,"column":null}},"1":{"start":{"line":7,"column":26},"end":{"line":7,"column":null}},"2":{"start":{"line":9,"column":22},"end":{"line":11,"column":null}},"3":{"start":{"line":10,"column":4},"end":{"line":10,"column":null}},"4":{"start":{"line":13,"column":2},"end":{"line":26,"column":null}}},"fnMap":{"0":{"name":"(anonymous_0)","decl":{"start":{"line":6,"column":37},"end":{"line":6,"column":43}},"loc":{"start":{"line":6,"column":43},"end":{"line":28,"column":null}},"line":6},"1":{"name":"(anonymous_1)","decl":{"start":{"line":9,"column":22},"end":{"line":9,"column":28}},"loc":{"start":{"line":9,"column":28},"end":{"line":11,"column":null}},"line":9}},"branchMap":{"0":{"loc":{"start":{"line":10,"column":13},"end":{"line":10,"column":49}},"type":"cond-expr","locations":[{"start":{"line":10,"column":33},"end":{"line":10,"column":42}},{"start":{"line":10,"column":42},"end":{"line":10,"column":49}}],"line":10},"1":{"loc":{"start":{"line":18,"column":18},"end":{"line":18,"column":null}},"type":"cond-expr","locations":[{"start":{"line":18,"column":38},"end":{"line":18,"column":69}},{"start":{"line":18,"column":69},"end":{"line":18,"column":null}}],"line":18},"2":{"loc":{"start":{"line":21,"column":7},"end":{"line":24,"column":null}},"type":"cond-expr","locations":[{"start":{"line":22,"column":8},"end":{"line":22,"column":null}},{"start":{"line":24,"column":8},"end":{"line":24,"column":null}}],"line":21}},"s":{"0":2,"1":27,"2":27,"3":2,"4":27},"f":{"0":27,"1":2},"b":{"0":[1,1],"1":[25,2],"2":[25,2]},"meta":{"lastBranch":3,"lastFunction":2,"lastStatement":5,"seen":{"s:6:37:28:Infinity":0,"f:6:37:6:43":0,"s:7:26:7:Infinity":1,"s:9:22:11:Infinity":2,"f:9:22:9:28":1,"s:10:4:10:Infinity":3,"b:10:33:10:42:10:42:10:49":0,"s:13:2:26:Infinity":4,"b:18:38:18:69:18:69:18:Infinity":1,"b:22:8:22:Infinity:24:8:24:Infinity":2}}}
,"C:\\Users\\sskut\\Desktop\\effective-mobile-test\\movie-catalog\\src\\components\\features\\FilterTabs\\FilterTabs.tsx": {"path":"C:\\Users\\sskut\\Desktop\\effective-mobile-test\\movie-catalog\\src\\components\\features\\FilterTabs\\FilterTabs.tsx","statementMap":{"0":{"start":{"line":12,"column":16},"end":{"line":18,"column":null}},"1":{"start":{"line":20,"column":53},"end":{"line":45,"column":null}},"2":{"start":{"line":21,"column":2},"end":{"line":43,"column":null}},"3":{"start":{"line":24,"column":21},"end":{"line":24,"column":null}},"4":{"start":{"line":25,"column":8},"end":{"line":40,"column":null}},"5":{"start":{"line":28,"column":27},"end":{"line":28,"column":null}}},"fnMap":{"0":{"name":"(anonymous_0)","decl":{"start":{"line":20,"column":53},"end":{"line":20,"column":54}},"loc":{"start":{"line":20,"column":85},"end":{"line":45,"column":null}},"line":20},"1":{"name":"(anonymous_1)","decl":{"start":{"line":23,"column":29},"end":{"line":23,"column":30}},"loc":{"start":{"line":23,"column":48},"end":{"line":42,"column":7}},"line":23},"2":{"name":"(anonymous_2)","decl":{"start":{"line":28,"column":21},"end":{"line":28,"column":27}},"loc":{"start":{"line":28,"column":27},"end":{"line":28,"column":null}},"line":28}},"branchMap":{"0":{"loc":{"start":{"line":31,"column":14},"end":{"line":33,"column":null}},"type":"cond-expr","locations":[{"start":{"line":32,"column":18},"end":{"line":32,"column":null}},{"start":{"line":33,"column":18},"end":{"line":33,"column":null}}],"line":31},"1":{"loc":{"start":{"line":35,"column":26},"end":{"line":35,"column":null}},"type":"cond-expr","locations":[{"start":{"line":35,"column":42},"end":{"line":35,"column":51}},{"start":{"line":35,"column":51},"end":{"line":35,"column":null}}],"line":35}},"s":{"0":3,"1":3,"2":20,"3":100,"4":100,"5":3},"f":{"0":20,"1":100,"2":3},"b":{"0":[20,80],"1":[20,80]},"meta":{"lastBranch":2,"lastFunction":3,"lastStatement":6,"seen":{"s:12:16:18:Infinity":0,"s:20:53:45:Infinity":1,"f:20:53:20:54":0,"s:21:2:43:Infinity":2,"f:23:29:23:30":1,"s:24:21:24:Infinity":3,"s:25:8:40:Infinity":4,"f:28:21:28:27":2,"s:28:27:28:Infinity":5,"b:32:18:32:Infinity:33:18:33:Infinity":0,"b:35:42:35:51:35:51:35:Infinity":1}}}
,"C:\\Users\\sskut\\Desktop\\effective-mobile-test\\movie-catalog\\src\\components\\features\\MovieCard\\MovieCard.tsx": {"path":"C:\\Users\\sskut\\Desktop\\effective-mobile-test\\movie-catalog\\src\\components\\features\\MovieCard\\MovieCard.tsx","statementMap":{"0":{"start":{"line":10,"column":51},"end":{"line":54,"column":null}},"1":{"start":{"line":11,"column":2},"end":{"line":52,"column":null}},"2":{"start":{"line":17,"column":21},"end":{"line":17,"column":null}},"3":{"start":{"line":21,"column":8},"end":{"line":23,"column":null}},"4":{"start":{"line":22,"column":10},"end":{"line":22,"column":null}}},"fnMap":{"0":{"name":"(anonymous_0)","decl":{"start":{"line":10,"column":51},"end":{"line":10,"column":52}},"loc":{"start":{"line":10,"column":75},"end":{"line":54,"column":null}},"line":10},"1":{"name":"(anonymous_1)","decl":{"start":{"line":17,"column":15},"end":{"line":17,"column":21}},"loc":{"start":{"line":17,"column":21},"end":{"line":17,"column":null}},"line":17},"2":{"name":"(anonymous_2)","decl":{"start":{"line":20,"column":17},"end":{"line":20,"column":18}},"loc":{"start":{"line":20,"column":24},"end":{"line":24,"column":null}},"line":20}},"branchMap":{"0":{"loc":{"start":{"line":21,"column":8},"end":{"line":23,"column":null}},"type":"if","locations":[{"start":{"line":21,"column":8},"end":{"line":23,"column":null}},{"start":{},"end":{}}],"line":21},"1":{"loc":{"start":{"line":21,"column":12},"end":{"line":21,"column":48}},"type":"binary-expr","locations":[{"start":{"line":21,"column":12},"end":{"line":21,"column":33}},{"start":{"line":21,"column":33},"end":{"line":21,"column":48}}],"line":21},"2":{"loc":{"start":{"line":44,"column":11},"end":{"line":45,"column":null}},"type":"binary-expr","locations":[{"start":{"line":44,"column":11},"end":{"line":44,"column":null}},{"start":{"line":45,"column":12},"end":{"line":45,"column":null}}],"line":44}},"s":{"0":2,"1":26,"2":2,"3":2,"4":2},"f":{"0":26,"1":2,"2":2},"b":{"0":[2,0],"1":[2,1],"2":[26,1]},"meta":{"lastBranch":3,"lastFunction":3,"lastStatement":5,"seen":{"s:10:51:54:Infinity":0,"f:10:51:10:52":0,"s:11:2:52:Infinity":1,"f:17:15:17:21":1,"s:17:21:17:Infinity":2,"f:20:17:20:18":2,"b:21:8:23:Infinity:undefined:undefined:undefined:undefined":0,"s:21:8:23:Infinity":3,"b:21:12:21:33:21:33:21:48":1,"s:22:10:22:Infinity":4,"b:44:11:44:Infinity:45:12:45:Infinity":2}}}
,"C:\\Users\\sskut\\Desktop\\effective-mobile-test\\movie-catalog\\src\\components\\features\\MovieModal\\MovieModal.tsx": {"path":"C:\\Users\\sskut\\Desktop\\effective-mobile-test\\movie-catalog\\src\\components\\features\\MovieModal\\MovieModal.tsx","statementMap":{"0":{"start":{"line":13,"column":53},"end":{"line":135,"column":null}},"1":{"start":{"line":14,"column":2},"end":{"line":14,"column":null}},"2":{"start":{"line":14,"column":25},"end":{"line":14,"column":null}},"3":{"start":{"line":16,"column":2},"end":{"line":133,"column":null}},"4":{"start":{"line":89,"column":22},"end":{"line":94,"column":null}}},"fnMap":{"0":{"name":"(anonymous_0)","decl":{"start":{"line":13,"column":53},"end":{"line":13,"column":54}},"loc":{"start":{"line":13,"column":85},"end":{"line":135,"column":null}},"line":13},"1":{"name":"(anonymous_1)","decl":{"start":{"line":88,"column":37},"end":{"line":88,"column":38}},"loc":{"start":{"line":89,"column":22},"end":{"line":94,"column":null}},"line":89}},"branchMap":{"0":{"loc":{"start":{"line":14,"column":2},"end":{"line":14,"column":null}},"type":"if","locations":[{"start":{"line":14,"column":2},"end":{"line":14,"column":null}},{"start":{},"end":{}}],"line":14},"1":{"loc":{"start":{"line":14,"column":6},"end":{"line":14,"column":25}},"type":"binary-expr","locations":[{"start":{"line":14,"column":6},"end":{"line":14,"column":16}},{"start":{"line":14,"column":16},"end":{"line":14,"column":25}}],"line":14},"2":{"loc":{"start":{"line":18,"column":7},"end":{"line":131,"column":null}},"type":"binary-expr","locations":[{"start":{"line":18,"column":7},"end":{"line":18,"column":null}},{"start":{"line":19,"column":8},"end":{"line":131,"column":null}}],"line":18},"3":{"loc":{"start":{"line":66,"column":21},"end":{"line":69,"column":null}},"type":"binary-expr","locations":[{"start":{"line":66,"column":21},"end":{"line":66,"column":null}},{"start":{"line":67,"column":22},"end":{"line":69,"column":null}}],"line":66},"4":{"loc":{"start":{"line":82,"column":21},"end":{"line":82,"column":null}},"type":"binary-expr","locations":[{"start":{"line":82,"column":21},"end":{"line":82,"column":39}},{"start":{"line":82,"column":39},"end":{"line":82,"column":null}}],"line":82},"5":{"loc":{"start":{"line":83,"column":21},"end":{"line":83,"column":null}},"type":"binary-expr","locations":[{"start":{"line":83,"column":21},"end":{"line":83,"column":38}},{"start":{"line":83,"column":38},"end":{"line":83,"column":null}}],"line":83}},"s":{"0":2,"1":18,"2":14,"3":4,"4":4},"f":{"0":18,"1":4},"b":{"0":[14,4],"1":[18,5],"2":[4,4],"3":[4,0],"4":[4,3],"5":[4,3]},"meta":{"lastBranch":6,"lastFunction":2,"lastStatement":5,"seen":{"s:13:53:135:Infinity":0,"f:13:53:13:54":0,"b:14:2:14:Infinity:undefined:undefined:undefined:undefined":0,"s:14:2:14:Infinity":1,"b:14:6:14:16:14:16:14:25":1,"s:14:25:14:Infinity":2,"s:16:2:133:Infinity":3,"b:18:7:18:Infinity:19:8:131:Infinity":2,"b:66:21:66:Infinity:67:22:69:Infinity":3,"b:82:21:82:39:82:39:82:Infinity":4,"b:83:21:83:38:83:38:83:Infinity":5,"f:88:37:88:38":1,"s:89:22:94:Infinity":4}}}
,"C:\\Users\\sskut\\Desktop\\effective-mobile-test\\movie-catalog\\src\\components\\features\\SearchBar\\SearchBar.tsx": {"path":"C:\\Users\\sskut\\Desktop\\effective-mobile-test\\movie-catalog\\src\\components\\features\\SearchBar\\SearchBar.tsx","statementMap":{"0":{"start":{"line":9,"column":51},"end":{"line":41,"column":null}},"1":{"start":{"line":10,"column":24},"end":{"line":10,"column":null}},"2":{"start":{"line":11,"column":8},"end":{"line":11,"column":null}},"3":{"start":{"line":13,"column":2},"end":{"line":15,"column":null}},"4":{"start":{"line":14,"column":4},"end":{"line":14,"column":null}},"5":{"start":{"line":17,"column":2},"end":{"line":39,"column":null}},"6":{"start":{"line":23,"column":25},"end":{"line":23,"column":null}},"7":{"start":{"line":31,"column":25},"end":{"line":31,"column":null}}},"fnMap":{"0":{"name":"(anonymous_0)","decl":{"start":{"line":9,"column":51},"end":{"line":9,"column":52}},"loc":{"start":{"line":9,"column":69},"end":{"line":41,"column":null}},"line":9},"1":{"name":"(anonymous_1)","decl":{"start":{"line":13,"column":12},"end":{"line":13,"column":18}},"loc":{"start":{"line":13,"column":18},"end":{"line":15,"column":5}},"line":13},"2":{"name":"(anonymous_2)","decl":{"start":{"line":23,"column":18},"end":{"line":23,"column":19}},"loc":{"start":{"line":23,"column":25},"end":{"line":23,"column":null}},"line":23},"3":{"name":"(anonymous_3)","decl":{"start":{"line":31,"column":19},"end":{"line":31,"column":25}},"loc":{"start":{"line":31,"column":25},"end":{"line":31,"column":null}},"line":31}},"branchMap":{"0":{"loc":{"start":{"line":29,"column":7},"end":{"line":37,"column":null}},"type":"binary-expr","locations":[{"start":{"line":29,"column":7},"end":{"line":29,"column":null}},{"start":{"line":30,"column":8},"end":{"line":37,"column":null}}],"line":29}},"s":{"0":3,"1":37,"2":37,"3":37,"4":27,"5":37,"6":9,"7":2},"f":{"0":37,"1":27,"2":9,"3":2},"b":{"0":[37,15]},"meta":{"lastBranch":1,"lastFunction":4,"lastStatement":8,"seen":{"s:9:51:41:Infinity":0,"f:9:51:9:52":0,"s:10:24:10:Infinity":1,"s:11:8:11:Infinity":2,"s:13:2:15:Infinity":3,"f:13:12:13:18":1,"s:14:4:14:Infinity":4,"s:17:2:39:Infinity":5,"f:23:18:23:19":2,"s:23:25:23:Infinity":6,"b:29:7:29:Infinity:30:8:37:Infinity":0,"f:31:19:31:25":3,"s:31:25:31:Infinity":7}}}
,"C:\\Users\\sskut\\Desktop\\effective-mobile-test\\movie-catalog\\src\\components\\layout\\Container\\Container.tsx": {"path":"C:\\Users\\sskut\\Desktop\\effective-mobile-test\\movie-catalog\\src\\components\\layout\\Container\\Container.tsx","statementMap":{"0":{"start":{"line":9,"column":51},"end":{"line":15,"column":null}},"1":{"start":{"line":10,"column":2},"end":{"line":13,"column":null}}},"fnMap":{"0":{"name":"(anonymous_0)","decl":{"start":{"line":9,"column":51},"end":{"line":9,"column":52}},"loc":{"start":{"line":9,"column":80},"end":{"line":15,"column":null}},"line":9}},"branchMap":{},"s":{"0":2,"1":48},"f":{"0":48},"b":{},"meta":{"lastBranch":0,"lastFunction":1,"lastStatement":2,"seen":{"s:9:51:15:Infinity":0,"f:9:51:9:52":0,"s:10:2:13:Infinity":1}}}
,"C:\\Users\\sskut\\Desktop\\effective-mobile-test\\movie-catalog\\src\\components\\layout\\Header\\Header.tsx": {"path":"C:\\Users\\sskut\\Desktop\\effective-mobile-test\\movie-catalog\\src\\components\\layout\\Header\\Header.tsx","statementMap":{"0":{"start":{"line":7,"column":32},"end":{"line":22,"column":null}},"1":{"start":{"line":8,"column":2},"end":{"line":20,"column":null}}},"fnMap":{"0":{"name":"(anonymous_0)","decl":{"start":{"line":7,"column":32},"end":{"line":7,"column":38}},"loc":{"start":{"line":7,"column":38},"end":{"line":22,"column":null}},"line":7}},"branchMap":{},"s":{"0":2,"1":25},"f":{"0":25},"b":{},"meta":{"lastBranch":0,"lastFunction":1,"lastStatement":2,"seen":{"s:7:32:22:Infinity":0,"f:7:32:7:38":0,"s:8:2:20:Infinity":1}}}
,"C:\\Users\\sskut\\Desktop\\effective-mobile-test\\movie-catalog\\src\\context\\ThemeContext.tsx": {"path":"C:\\Users\\sskut\\Desktop\\effective-mobile-test\\movie-catalog\\src\\context\\ThemeContext.tsx","statementMap":{"0":{"start":{"line":10,"column":6},"end":{"line":10,"column":null}},"1":{"start":{"line":12,"column":64},"end":{"line":35,"column":null}},"2":{"start":{"line":13,"column":24},"end":{"line":13,"column":null}},"3":{"start":{"line":15,"column":2},"end":{"line":23,"column":null}},"4":{"start":{"line":16,"column":23},"end":{"line":16,"column":null}},"5":{"start":{"line":17,"column":4},"end":{"line":22,"column":null}},"6":{"start":{"line":18,"column":6},"end":{"line":18,"column":null}},"7":{"start":{"line":20,"column":26},"end":{"line":20,"column":null}},"8":{"start":{"line":21,"column":6},"end":{"line":21,"column":null}},"9":{"start":{"line":25,"column":2},"end":{"line":28,"column":null}},"10":{"start":{"line":26,"column":4},"end":{"line":26,"column":null}},"11":{"start":{"line":27,"column":4},"end":{"line":27,"column":null}},"12":{"start":{"line":30,"column":2},"end":{"line":33,"column":null}},"13":{"start":{"line":37,"column":24},"end":{"line":43,"column":null}},"14":{"start":{"line":38,"column":8},"end":{"line":38,"column":null}},"15":{"start":{"line":39,"column":2},"end":{"line":41,"column":null}},"16":{"start":{"line":40,"column":4},"end":{"line":40,"column":null}},"17":{"start":{"line":42,"column":2},"end":{"line":42,"column":null}}},"fnMap":{"0":{"name":"(anonymous_0)","decl":{"start":{"line":12,"column":64},"end":{"line":12,"column":65}},"loc":{"start":{"line":12,"column":82},"end":{"line":35,"column":null}},"line":12},"1":{"name":"(anonymous_1)","decl":{"start":{"line":15,"column":12},"end":{"line":15,"column":18}},"loc":{"start":{"line":15,"column":18},"end":{"line":23,"column":5}},"line":15},"2":{"name":"(anonymous_2)","decl":{"start":{"line":25,"column":12},"end":{"line":25,"column":18}},"loc":{"start":{"line":25,"column":18},"end":{"line":28,"column":5}},"line":25},"3":{"name":"(anonymous_3)","decl":{"start":{"line":37,"column":24},"end":{"line":37,"column":48}},"loc":{"start":{"line":37,"column":48},"end":{"line":43,"column":null}},"line":37}},"branchMap":{"0":{"loc":{"start":{"line":17,"column":4},"end":{"line":22,"column":null}},"type":"if","locations":[{"start":{"line":17,"column":4},"end":{"line":22,"column":null}},{"start":{"line":19,"column":11},"end":{"line":22,"column":null}}],"line":17},"1":{"loc":{"start":{"line":20,"column":26},"end":{"line":20,"column":null}},"type":"cond-expr","locations":[{"start":{"line":20,"column":86},"end":{"line":20,"column":95}},{"start":{"line":20,"column":95},"end":{"line":20,"column":null}}],"line":20},"2":{"loc":{"start":{"line":39,"column":2},"end":{"line":41,"column":null}},"type":"if","locations":[{"start":{"line":39,"column":2},"end":{"line":41,"column":null}},{"start":{},"end":{}}],"line":39}},"s":{"0":1,"1":1,"2":3,"3":3,"4":3,"5":3,"6":2,"7":1,"8":1,"9":3,"10":3,"11":3,"12":3,"13":1,"14":23,"15":23,"16":0,"17":23},"f":{"0":3,"1":3,"2":3,"3":23},"b":{"0":[2,1],"1":[0,1],"2":[0,23]},"meta":{"lastBranch":3,"lastFunction":4,"lastStatement":18,"seen":{"s:10:6:10:Infinity":0,"s:12:64:35:Infinity":1,"f:12:64:12:65":0,"s:13:24:13:Infinity":2,"s:15:2:23:Infinity":3,"f:15:12:15:18":1,"s:16:23:16:Infinity":4,"b:17:4:22:Infinity:19:11:22:Infinity":0,"s:17:4:22:Infinity":5,"s:18:6:18:Infinity":6,"s:20:26:20:Infinity":7,"b:20:86:20:95:20:95:20:Infinity":1,"s:21:6:21:Infinity":8,"s:25:2:28:Infinity":9,"f:25:12:25:18":2,"s:26:4:26:Infinity":10,"s:27:4:27:Infinity":11,"s:30:2:33:Infinity":12,"s:37:24:43:Infinity":13,"f:37:24:37:48":3,"s:38:8:38:Infinity":14,"b:39:2:41:Infinity:undefined:undefined:undefined:undefined":2,"s:39:2:41:Infinity":15,"s:40:4:40:Infinity":16,"s:42:2:42:Infinity":17}}}
,"C:\\Users\\sskut\\Desktop\\effective-mobile-test\\movie-catalog\\src\\hooks\\useDebounce.ts": {"path":"C:\\Users\\sskut\\Desktop\\effective-mobile-test\\movie-catalog\\src\\hooks\\useDebounce.ts","statementMap":{"0":{"start":{"line":4,"column":42},"end":{"line":4,"column":null}},"1":{"start":{"line":6,"column":2},"end":{"line":14,"column":null}},"2":{"start":{"line":7,"column":20},"end":{"line":9,"column":null}},"3":{"start":{"line":8,"column":6},"end":{"line":8,"column":null}},"4":{"start":{"line":11,"column":4},"end":{"line":13,"column":null}},"5":{"start":{"line":12,"column":6},"end":{"line":12,"column":null}},"6":{"start":{"line":16,"column":2},"end":{"line":16,"column":null}}},"fnMap":{"0":{"name":"useDebounce","decl":{"start":{"line":3,"column":16},"end":{"line":3,"column":31}},"loc":{"start":{"line":3,"column":59},"end":{"line":17,"column":null}},"line":3},"1":{"name":"(anonymous_1)","decl":{"start":{"line":6,"column":12},"end":{"line":6,"column":18}},"loc":{"start":{"line":6,"column":18},"end":{"line":14,"column":5}},"line":6},"2":{"name":"(anonymous_2)","decl":{"start":{"line":7,"column":31},"end":{"line":7,"column":37}},"loc":{"start":{"line":7,"column":37},"end":{"line":9,"column":7}},"line":7},"3":{"name":"(anonymous_3)","decl":{"start":{"line":11,"column":11},"end":{"line":11,"column":17}},"loc":{"start":{"line":11,"column":17},"end":{"line":13,"column":null}},"line":11}},"branchMap":{},"s":{"0":45,"1":45,"2":30,"3":5,"4":30,"5":30,"6":45},"f":{"0":45,"1":30,"2":5,"3":30},"b":{},"meta":{"lastBranch":0,"lastFunction":4,"lastStatement":7,"seen":{"f:3:16:3:31":0,"s:4:42:4:Infinity":0,"s:6:2:14:Infinity":1,"f:6:12:6:18":1,"s:7:20:9:Infinity":2,"f:7:31:7:37":2,"s:8:6:8:Infinity":3,"s:11:4:13:Infinity":4,"f:11:11:11:17":3,"s:12:6:12:Infinity":5,"s:16:2:16:Infinity":6}}}
,"C:\\Users\\sskut\\Desktop\\effective-mobile-test\\movie-catalog\\src\\hooks\\useScroll.ts": {"path":"C:\\Users\\sskut\\Desktop\\effective-mobile-test\\movie-catalog\\src\\hooks\\useScroll.ts","statementMap":{"0":{"start":{"line":3,"column":25},"end":{"line":20,"column":null}},"1":{"start":{"line":4,"column":34},"end":{"line":4,"column":null}},"2":{"start":{"line":6,"column":2},"end":{"line":17,"column":null}},"3":{"start":{"line":7,"column":25},"end":{"line":13,"column":null}},"4":{"start":{"line":8,"column":6},"end":{"line":12,"column":null}},"5":{"start":{"line":9,"column":8},"end":{"line":9,"column":null}},"6":{"start":{"line":11,"column":8},"end":{"line":11,"column":null}},"7":{"start":{"line":15,"column":4},"end":{"line":15,"column":null}},"8":{"start":{"line":16,"column":4},"end":{"line":16,"column":null}},"9":{"start":{"line":16,"column":17},"end":{"line":16,"column":null}},"10":{"start":{"line":19,"column":2},"end":{"line":19,"column":null}}},"fnMap":{"0":{"name":"(anonymous_0)","decl":{"start":{"line":3,"column":25},"end":{"line":3,"column":26}},"loc":{"start":{"line":3,"column":46},"end":{"line":20,"column":null}},"line":3},"1":{"name":"(anonymous_1)","decl":{"start":{"line":6,"column":12},"end":{"line":6,"column":18}},"loc":{"start":{"line":6,"column":18},"end":{"line":17,"column":5}},"line":6},"2":{"name":"(anonymous_2)","decl":{"start":{"line":7,"column":25},"end":{"line":7,"column":31}},"loc":{"start":{"line":7,"column":31},"end":{"line":13,"column":null}},"line":7},"3":{"name":"(anonymous_3)","decl":{"start":{"line":16,"column":11},"end":{"line":16,"column":17}},"loc":{"start":{"line":16,"column":17},"end":{"line":16,"column":null}},"line":16}},"branchMap":{"0":{"loc":{"start":{"line":3,"column":26},"end":{"line":3,"column":46}},"type":"default-arg","locations":[{"start":{"line":3,"column":38},"end":{"line":3,"column":46}}],"line":3},"1":{"loc":{"start":{"line":8,"column":6},"end":{"line":12,"column":null}},"type":"if","locations":[{"start":{"line":8,"column":6},"end":{"line":12,"column":null}},{"start":{"line":10,"column":13},"end":{"line":12,"column":null}}],"line":8}},"s":{"0":2,"1":19,"2":19,"3":6,"4":3,"5":2,"6":1,"7":6,"8":6,"9":6,"10":19},"f":{"0":19,"1":6,"2":3,"3":6},"b":{"0":[19],"1":[2,1]},"meta":{"lastBranch":2,"lastFunction":4,"lastStatement":11,"seen":{"s:3:25:20:Infinity":0,"f:3:25:3:26":0,"b:3:38:3:46":0,"s:4:34:4:Infinity":1,"s:6:2:17:Infinity":2,"f:6:12:6:18":1,"s:7:25:13:Infinity":3,"f:7:25:7:31":2,"b:8:6:12:Infinity:10:13:12:Infinity":1,"s:8:6:12:Infinity":4,"s:9:8:9:Infinity":5,"s:11:8:11:Infinity":6,"s:15:4:15:Infinity":7,"s:16:4:16:Infinity":8,"f:16:11:16:17":3,"s:16:17:16:Infinity":9,"s:19:2:19:Infinity":10}}}
,"C:\\Users\\sskut\\Desktop\\effective-mobile-test\\movie-catalog\\src\\pages\\HomePage\\HomePage.tsx": {"path":"C:\\Users\\sskut\\Desktop\\effective-mobile-test\\movie-catalog\\src\\pages\\HomePage\\HomePage.tsx","statementMap":{"0":{"start":{"line":15,"column":34},"end":{"line":186,"column":null}},"1":{"start":{"line":16,"column":26},"end":{"line":16,"column":null}},"2":{"start":{"line":17,"column":42},"end":{"line":17,"column":null}},"3":{"start":{"line":18,"column":44},"end":{"line":18,"column":null}},"4":{"start":{"line":19,"column":28},"end":{"line":19,"column":null}},"5":{"start":{"line":20,"column":40},"end":{"line":20,"column":null}},"6":{"start":{"line":21,"column":36},"end":{"line":21,"column":null}},"7":{"start":{"line":22,"column":42},"end":{"line":22,"column":null}},"8":{"start":{"line":23,"column":36},"end":{"line":23,"column":null}},"9":{"start":{"line":24,"column":36},"end":{"line":24,"column":null}},"10":{"start":{"line":26,"column":2},"end":{"line":40,"column":null}},"11":{"start":{"line":27,"column":23},"end":{"line":37,"column":null}},"12":{"start":{"line":28,"column":6},"end":{"line":36,"column":null}},"13":{"start":{"line":29,"column":27},"end":{"line":29,"column":null}},"14":{"start":{"line":30,"column":8},"end":{"line":30,"column":null}},"15":{"start":{"line":31,"column":8},"end":{"line":31,"column":null}},"16":{"start":{"line":32,"column":8},"end":{"line":32,"column":null}},"17":{"start":{"line":34,"column":8},"end":{"line":34,"column":null}},"18":{"start":{"line":35,"column":8},"end":{"line":35,"column":null}},"19":{"start":{"line":39,"column":4},"end":{"line":39,"column":null}},"20":{"start":{"line":42,"column":2},"end":{"line":71,"column":null}},"21":{"start":{"line":43,"column":17},"end":{"line":43,"column":null}},"22":{"start":{"line":45,"column":4},"end":{"line":50,"column":null}},"23":{"start":{"line":46,"column":6},"end":{"line":49,"column":null}},"24":{"start":{"line":47,"column":8},"end":{"line":48,"column":null}},"25":{"start":{"line":52,"column":4},"end":{"line":67,"column":null}},"26":{"start":{"line":54,"column":8},"end":{"line":54,"column":null}},"27":{"start":{"line":54,"column":36},"end":{"line":54,"column":50}},"28":{"start":{"line":55,"column":8},"end":{"line":55,"column":null}},"29":{"start":{"line":57,"column":29},"end":{"line":57,"column":null}},"30":{"start":{"line":58,"column":8},"end":{"line":58,"column":null}},"31":{"start":{"line":59,"column":8},"end":{"line":59,"column":null}},"32":{"start":{"line":59,"column":36},"end":{"line":59,"column":72}},"33":{"start":{"line":60,"column":8},"end":{"line":60,"column":null}},"34":{"start":{"line":62,"column":8},"end":{"line":62,"column":null}},"35":{"start":{"line":62,"column":36},"end":{"line":62,"column":51}},"36":{"start":{"line":63,"column":8},"end":{"line":63,"column":null}},"37":{"start":{"line":65,"column":8},"end":{"line":65,"column":null}},"38":{"start":{"line":65,"column":39},"end":{"line":65,"column":58}},"39":{"start":{"line":66,"column":8},"end":{"line":66,"column":null}},"40":{"start":{"line":69,"column":4},"end":{"line":69,"column":null}},"41":{"start":{"line":70,"column":4},"end":{"line":70,"column":null}},"42":{"start":{"line":73,"column":2},"end":{"line":75,"column":null}},"43":{"start":{"line":74,"column":4},"end":{"line":74,"column":null}},"44":{"start":{"line":77,"column":25},"end":{"line":79,"column":null}},"45":{"start":{"line":78,"column":4},"end":{"line":78,"column":null}},"46":{"start":{"line":78,"column":27},"end":{"line":78,"column":49}},"47":{"start":{"line":81,"column":27},"end":{"line":84,"column":null}},"48":{"start":{"line":82,"column":4},"end":{"line":82,"column":null}},"49":{"start":{"line":83,"column":4},"end":{"line":83,"column":null}},"50":{"start":{"line":86,"column":23},"end":{"line":88,"column":null}},"51":{"start":{"line":87,"column":4},"end":{"line":87,"column":null}},"52":{"start":{"line":90,"column":29},"end":{"line":92,"column":null}},"53":{"start":{"line":91,"column":4},"end":{"line":91,"column":null}},"54":{"start":{"line":94,"column":26},"end":{"line":100,"column":null}},"55":{"start":{"line":95,"column":4},"end":{"line":99,"column":null}},"56":{"start":{"line":96,"column":6},"end":{"line":98,"column":null}},"57":{"start":{"line":102,"column":2},"end":{"line":119,"column":null}},"58":{"start":{"line":103,"column":4},"end":{"line":117,"column":null}},"59":{"start":{"line":121,"column":2},"end":{"line":184,"column":null}},"60":{"start":{"line":149,"column":18},"end":{"line":159,"column":null}},"61":{"start":{"line":181,"column":23},"end":{"line":181,"column":null}}},"fnMap":{"0":{"name":"(anonymous_0)","decl":{"start":{"line":15,"column":34},"end":{"line":15,"column":40}},"loc":{"start":{"line":15,"column":40},"end":{"line":186,"column":null}},"line":15},"1":{"name":"(anonymous_1)","decl":{"start":{"line":26,"column":12},"end":{"line":26,"column":18}},"loc":{"start":{"line":26,"column":18},"end":{"line":40,"column":5}},"line":26},"2":{"name":"(anonymous_2)","decl":{"start":{"line":27,"column":23},"end":{"line":27,"column":35}},"loc":{"start":{"line":27,"column":35},"end":{"line":37,"column":null}},"line":27},"3":{"name":"(anonymous_3)","decl":{"start":{"line":42,"column":12},"end":{"line":42,"column":18}},"loc":{"start":{"line":42,"column":18},"end":{"line":71,"column":5}},"line":42},"4":{"name":"(anonymous_4)","decl":{"start":{"line":46,"column":29},"end":{"line":46,"column":null}},"loc":{"start":{"line":47,"column":8},"end":{"line":48,"column":null}},"line":47},"5":{"name":"(anonymous_5)","decl":{"start":{"line":54,"column":31},"end":{"line":54,"column":36}},"loc":{"start":{"line":54,"column":36},"end":{"line":54,"column":50}},"line":54},"6":{"name":"(anonymous_6)","decl":{"start":{"line":59,"column":31},"end":{"line":59,"column":36}},"loc":{"start":{"line":59,"column":36},"end":{"line":59,"column":72}},"line":59},"7":{"name":"(anonymous_7)","decl":{"start":{"line":62,"column":31},"end":{"line":62,"column":36}},"loc":{"start":{"line":62,"column":36},"end":{"line":62,"column":51}},"line":62},"8":{"name":"(anonymous_8)","decl":{"start":{"line":65,"column":29},"end":{"line":65,"column":30}},"loc":{"start":{"line":65,"column":39},"end":{"line":65,"column":58}},"line":65},"9":{"name":"(anonymous_9)","decl":{"start":{"line":73,"column":12},"end":{"line":73,"column":18}},"loc":{"start":{"line":73,"column":18},"end":{"line":75,"column":5}},"line":73},"10":{"name":"(anonymous_10)","decl":{"start":{"line":77,"column":25},"end":{"line":77,"column":31}},"loc":{"start":{"line":77,"column":31},"end":{"line":79,"column":null}},"line":77},"11":{"name":"(anonymous_11)","decl":{"start":{"line":78,"column":19},"end":{"line":78,"column":27}},"loc":{"start":{"line":78,"column":27},"end":{"line":78,"column":49}},"line":78},"12":{"name":"(anonymous_12)","decl":{"start":{"line":81,"column":27},"end":{"line":81,"column":28}},"loc":{"start":{"line":81,"column":45},"end":{"line":84,"column":null}},"line":81},"13":{"name":"(anonymous_13)","decl":{"start":{"line":86,"column":23},"end":{"line":86,"column":24}},"loc":{"start":{"line":86,"column":42},"end":{"line":88,"column":null}},"line":86},"14":{"name":"(anonymous_14)","decl":{"start":{"line":90,"column":29},"end":{"line":90,"column":30}},"loc":{"start":{"line":90,"column":92},"end":{"line":92,"column":null}},"line":90},"15":{"name":"(anonymous_15)","decl":{"start":{"line":94,"column":26},"end":{"line":94,"column":32}},"loc":{"start":{"line":94,"column":32},"end":{"line":100,"column":null}},"line":94},"16":{"name":"(anonymous_16)","decl":{"start":{"line":95,"column":42},"end":{"line":95,"column":43}},"loc":{"start":{"line":96,"column":6},"end":{"line":98,"column":null}},"line":96},"17":{"name":"(anonymous_17)","decl":{"start":{"line":148,"column":37},"end":{"line":148,"column":38}},"loc":{"start":{"line":149,"column":18},"end":{"line":159,"column":null}},"line":149},"18":{"name":"(anonymous_18)","decl":{"start":{"line":181,"column":17},"end":{"line":181,"column":23}},"loc":{"start":{"line":181,"column":23},"end":{"line":181,"column":null}},"line":181}},"branchMap":{"0":{"loc":{"start":{"line":45,"column":4},"end":{"line":50,"column":null}},"type":"if","locations":[{"start":{"line":45,"column":4},"end":{"line":50,"column":null}},{"start":{},"end":{}}],"line":45},"1":{"loc":{"start":{"line":47,"column":8},"end":{"line":48,"column":null}},"type":"binary-expr","locations":[{"start":{"line":47,"column":8},"end":{"line":47,"column":null}},{"start":{"line":48,"column":9},"end":{"line":48,"column":28}},{"start":{"line":48,"column":28},"end":{"line":48,"column":null}}],"line":47},"2":{"loc":{"start":{"line":52,"column":4},"end":{"line":67,"column":null}},"type":"switch","locations":[{"start":{"line":53,"column":6},"end":{"line":55,"column":null}},{"start":{"line":56,"column":6},"end":{"line":60,"column":null}},{"start":{"line":61,"column":6},"end":{"line":63,"column":null}},{"start":{"line":64,"column":6},"end":{"line":66,"column":null}}],"line":52},"3":{"loc":{"start":{"line":102,"column":2},"end":{"line":119,"column":null}},"type":"if","locations":[{"start":{"line":102,"column":2},"end":{"line":119,"column":null}},{"start":{},"end":{}}],"line":102},"4":{"loc":{"start":{"line":135,"column":11},"end":{"line":173,"column":null}},"type":"cond-expr","locations":[{"start":{"line":136,"column":12},"end":{"line":144,"column":null}},{"start":{"line":146,"column":12},"end":{"line":173,"column":null}}],"line":135},"5":{"loc":{"start":{"line":163,"column":15},"end":{"line":171,"column":null}},"type":"binary-expr","locations":[{"start":{"line":163,"column":15},"end":{"line":163,"column":null}},{"start":{"line":164,"column":16},"end":{"line":171,"column":null}}],"line":163}},"s":{"0":1,"1":26,"2":26,"3":26,"4":26,"5":26,"6":26,"7":26,"8":26,"9":26,"10":26,"11":3,"12":3,"13":3,"14":3,"15":3,"16":3,"17":0,"18":0,"19":3,"20":26,"21":8,"22":8,"23":1,"24":2,"25":8,"26":0,"27":0,"28":0,"29":0,"30":0,"31":0,"32":0,"33":0,"34":1,"35":2,"36":1,"37":0,"38":0,"39":0,"40":8,"41":8,"42":26,"43":14,"44":26,"45":0,"46":0,"47":26,"48":1,"49":1,"50":26,"51":15,"52":26,"53":1,"54":26,"55":9,"56":108,"57":26,"58":9,"59":17,"60":25,"61":0},"f":{"0":26,"1":3,"2":3,"3":8,"4":2,"5":0,"6":0,"7":2,"8":0,"9":14,"10":0,"11":0,"12":1,"13":15,"14":1,"15":9,"16":108,"17":25,"18":0},"b":{"0":[1,7],"1":[2,1,0],"2":[0,0,1,0],"3":[9,17],"4":[3,14],"5":[14,0]},"meta":{"lastBranch":6,"lastFunction":19,"lastStatement":62,"seen":{"s:15:34:186:Infinity":0,"f:15:34:15:40":0,"s:16:26:16:Infinity":1,"s:17:42:17:Infinity":2,"s:18:44:18:Infinity":3,"s:19:28:19:Infinity":4,"s:20:40:20:Infinity":5,"s:21:36:21:Infinity":6,"s:22:42:22:Infinity":7,"s:23:36:23:Infinity":8,"s:24:36:24:Infinity":9,"s:26:2:40:Infinity":10,"f:26:12:26:18":1,"s:27:23:37:Infinity":11,"f:27:23:27:35":2,"s:28:6:36:Infinity":12,"s:29:27:29:Infinity":13,"s:30:8:30:Infinity":14,"s:31:8:31:Infinity":15,"s:32:8:32:Infinity":16,"s:34:8:34:Infinity":17,"s:35:8:35:Infinity":18,"s:39:4:39:Infinity":19,"s:42:2:71:Infinity":20,"f:42:12:42:18":3,"s:43:17:43:Infinity":21,"b:45:4:50:Infinity:undefined:undefined:undefined:undefined":0,"s:45:4:50:Infinity":22,"s:46:6:49:Infinity":23,"f:46:29:46:Infinity":4,"s:47:8:48:Infinity":24,"b:47:8:47:Infinity:48:9:48:28:48:28:48:Infinity":1,"b:53:6:55:Infinity:56:6:60:Infinity:61:6:63:Infinity:64:6:66:Infinity":2,"s:52:4:67:Infinity":25,"s:54:8:54:Infinity":26,"f:54:31:54:36":5,"s:54:36:54:50":27,"s:55:8:55:Infinity":28,"s:57:29:57:Infinity":29,"s:58:8:58:Infinity":30,"s:59:8:59:Infinity":31,"f:59:31:59:36":6,"s:59:36:59:72":32,"s:60:8:60:Infinity":33,"s:62:8:62:Infinity":34,"f:62:31:62:36":7,"s:62:36:62:51":35,"s:63:8:63:Infinity":36,"s:65:8:65:Infinity":37,"f:65:29:65:30":8,"s:65:39:65:58":38,"s:66:8:66:Infinity":39,"s:69:4:69:Infinity":40,"s:70:4:70:Infinity":41,"s:73:2:75:Infinity":42,"f:73:12:73:18":9,"s:74:4:74:Infinity":43,"s:77:25:79:Infinity":44,"f:77:25:77:31":10,"s:78:4:78:Infinity":45,"f:78:19:78:27":11,"s:78:27:78:49":46,"s:81:27:84:Infinity":47,"f:81:27:81:28":12,"s:82:4:82:Infinity":48,"s:83:4:83:Infinity":49,"s:86:23:88:Infinity":50,"f:86:23:86:24":13,"s:87:4:87:Infinity":51,"s:90:29:92:Infinity":52,"f:90:29:90:30":14,"s:91:4:91:Infinity":53,"s:94:26:100:Infinity":54,"f:94:26:94:32":15,"s:95:4:99:Infinity":55,"f:95:42:95:43":16,"s:96:6:98:Infinity":56,"b:102:2:119:Infinity:undefined:undefined:undefined:undefined":3,"s:102:2:119:Infinity":57,"s:103:4:117:Infinity":58,"s:121:2:184:Infinity":59,"b:136:12:144:Infinity:146:12:173:Infinity":4,"f:148:37:148:38":17,"s:149:18:159:Infinity":60,"b:163:15:163:Infinity:164:16:171:Infinity":5,"f:181:17:181:23":18,"s:181:23:181:Infinity":61}}}
,"C:\\Users\\sskut\\Desktop\\effective-mobile-test\\movie-catalog\\src\\utils\\cn.ts": {"path":"C:\\Users\\sskut\\Desktop\\effective-mobile-test\\movie-catalog\\src\\utils\\cn.ts","statementMap":{"0":{"start":{"line":5,"column":2},"end":{"line":5,"column":null}}},"fnMap":{"0":{"name":"cn","decl":{"start":{"line":4,"column":16},"end":{"line":4,"column":22}},"loc":{"start":{"line":4,"column":44},"end":{"line":6,"column":null}},"line":4}},"branchMap":{},"s":{"0":303},"f":{"0":303},"b":{},"meta":{"lastBranch":0,"lastFunction":1,"lastStatement":1,"seen":{"f:4:16:4:22":0,"s:5:2:5:Infinity":0}}}
,"C:\\Users\\sskut\\Desktop\\effective-mobile-test\\movie-catalog\\src\\utils\\constants.ts": {"path":"C:\\Users\\sskut\\Desktop\\effective-mobile-test\\movie-catalog\\src\\utils\\constants.ts","statementMap":{"0":{"start":{"line":1,"column":24},"end":{"line":1,"column":null}},"1":{"start":{"line":2,"column":30},"end":{"line":2,"column":null}},"2":{"start":{"line":3,"column":31},"end":{"line":3,"column":null}},"3":{"start":{"line":4,"column":30},"end":{"line":4,"column":null}},"4":{"start":{"line":6,"column":27},"end":{"line":12,"column":null}},"5":{"start":{"line":14,"column":33},"end":{"line":20,"column":null}}},"fnMap":{},"branchMap":{},"s":{"0":3,"1":3,"2":3,"3":3,"4":3,"5":3},"f":{},"b":{},"meta":{"lastBranch":0,"lastFunction":0,"lastStatement":6,"seen":{"s:1:24:1:Infinity":0,"s:2:30:2:Infinity":1,"s:3:31:3:Infinity":2,"s:4:30:4:Infinity":3,"s:6:27:12:Infinity":4,"s:14:33:20:Infinity":5}}}
}
